Ansys Lumerical 2020 R2.4 FDTD Solver Version 8.24.2502 (Windows 64bit)
 expires (month/day/year): 12/31/2035
using config file: Ansys Licensing set with ANSYSLMD_LICENSE_FILE
license host: 
current time: Wed Mar 24 01:12:34 2021
Running on host: DESKTOP-FOP87C7
host available memory (GB): 4.790055
All processes are communicating and ready to proceed to simulation...
Running fsp file: D:\Lumarical\v202\bin\fdtd-engine.exe -t 1 -remote D:/Lumarical/LumericalScripts/LumericalScripts/myNand.fsp
Starting meshing
Simulation size in gridpoints: 1 x 65 x 1
Refined 0 mesh cells (0%)
Completed meshing!
Meshing complete in 0 seconds of CPU time
Starting meshing
Simulation size in gridpoints: 1 x 65 x 1
Refined 0 mesh cells (0%)
Completed meshing!
Meshing complete in 0.015625 seconds of CPU time
Starting meshing
Simulation size in gridpoints: 1 x 65 x 1
Refined 0 mesh cells (0%)
Completed meshing!
Meshing complete in 0 seconds of CPU time
Starting meshing
Simulation size in gridpoints: 1 x 65 x 1
Refined 0 mesh cells (0%)
Completed meshing!
Meshing complete in 0 seconds of CPU time
Starting meshing
Simulation size in gridpoints: 1 x 65 x 1
Refined 0 mesh cells (0%)
Completed meshing!
Meshing complete in 0.015625 seconds of CPU time
Starting meshing
Simulation size in gridpoints: 1 x 65 x 1
Refined 0 mesh cells (0%)
Completed meshing!
Meshing complete in 0 seconds of CPU time
Starting meshing
Simulation size in gridpoints: 1 x 65 x 1
Refined 0 mesh cells (0%)
Completed meshing!
Meshing complete in 0 seconds of CPU time
Starting meshing
Simulation size in gridpoints: 1 x 65 x 1
Refined 0 mesh cells (0%)
Completed meshing!
Meshing complete in 0 seconds of CPU time
Starting meshing
Simulation size in gridpoints: 1 x 65 x 1
Refined 0 mesh cells (0%)
Completed meshing!
Meshing complete in 0.015625 seconds of CPU time
number of processors is 1
processors are distributed as: 1x1x1
Running 2D Simulation
Starting meshing
Simulation size in gridpoints: 1140 x 873 x 1
Refined 0 mesh cells (0%)
Completed meshing!
Meshing complete in 0.890625 seconds of CPU time
0 0
Starting meshing
Simulation size in gridpoints: 1140 x 873 x 1
Refined 0 mesh cells (0%)
Completed meshing!
Meshing complete in 0.859375 seconds of CPU time
0 0
finished material properties
Selected kernel with optimization level: 2 and split-field propagation direction: 0
Starting meshing
Simulation size in gridpoints: 1140 x 873 x 1
Refined 0 mesh cells (0%)
Completed meshing!
Meshing complete in 0.875 seconds of CPU time
0 0
Selected kernel with optimization level: 2 and split-field propagation direction: 0
-----------------------------------------
Beginning initialization of 2D FDTD Simulation
  Including TE Simulation
Starting to add sources to simulation

Adding Mode source propagating in X
Adding Mode source propagating in X
Adding Mode source propagating in X
Starting to add boundary conditions to simulation
Adding PML BC
Adding PML BC
Adding PML BC
Adding PML BC
Starting to add monitors to Simulation
Adding analysis monitor
Adding frequency monitor
Finished initialization of 2D Simulation
-----------------------------------------
All processes are communicating and ready to proceed to simulation...
Starting 283759 total iterations
0.0169158% complete. Max time remaining: 29 mins, 25 secs. Auto Shutoff: 1
1.07697% complete. Max time remaining: 29 mins, 47 secs. Auto Shutoff: 0.901521
2.15958% complete. Max time remaining: 29 mins, 53 secs. Auto Shutoff: 0.610006
3.24219% complete. Max time remaining: 29 mins, 34 secs. Auto Shutoff: 0.472618
4.3248% complete. Max time remaining: 29 mins, 19 secs. Auto Shutoff: 0.320092
5.4074% complete. Max time remaining: 29 mins, 2 secs. Auto Shutoff: 0.217501
6.49001% complete. Max time remaining: 28 mins, 51 secs. Auto Shutoff: 0.166452
7.57262% complete. Max time remaining: 28 mins, 35 secs. Auto Shutoff: 0.13893
8.65523% complete. Max time remaining: 28 mins, 24 secs. Auto Shutoff: 0.10229
9.73784% complete. Max time remaining: 28 mins, 13 secs. Auto Shutoff: 0.105408
10.8204% complete. Max time remaining: 27 mins, 54 secs. Auto Shutoff: 0.0979991
11.9031% complete. Max time remaining: 27 mins, 36 secs. Auto Shutoff: 0.0701257
12.9857% complete. Max time remaining: 27 mins, 15 secs. Auto Shutoff: 0.0704752
14.0683% complete. Max time remaining: 26 mins, 55 secs. Auto Shutoff: 0.0514023
15.1509% complete. Max time remaining: 26 mins, 32 secs. Auto Shutoff: 0.044525
16.2335% complete. Max time remaining: 26 mins, 10 secs. Auto Shutoff: 0.0400477
17.3161% complete. Max time remaining: 25 mins, 53 secs. Auto Shutoff: 0.0400334
18.3987% complete. Max time remaining: 25 mins, 33 secs. Auto Shutoff: 0.0303359
19.4813% complete. Max time remaining: 25 mins, 16 secs. Auto Shutoff: 0.0299758
20.5639% complete. Max time remaining: 24 mins, 57 secs. Auto Shutoff: 0.0265704
21.6465% complete. Max time remaining: 24 mins, 40 secs. Auto Shutoff: 0.0212829
22.7291% complete. Max time remaining: 24 mins, 18 secs. Auto Shutoff: 0.0196225
23.8118% complete. Max time remaining: 23 mins, 58 secs. Auto Shutoff: 0.0195227
24.8944% complete. Max time remaining: 23 mins, 36 secs. Auto Shutoff: 0.0167559
25.977% complete. Max time remaining: 23 mins, 16 secs. Auto Shutoff: 0.0168677
27.0596% complete. Max time remaining: 22 mins, 56 secs. Auto Shutoff: 0.0141887
28.1422% complete. Max time remaining: 22 mins, 35 secs. Auto Shutoff: 0.0144645
29.2248% complete. Max time remaining: 22 mins, 14 secs. Auto Shutoff: 0.0112875
30.3074% complete. Max time remaining: 21 mins, 56 secs. Auto Shutoff: 0.0122929
31.39% complete. Max time remaining: 21 mins, 33 secs. Auto Shutoff: 0.0109846
32.4726% complete. Max time remaining: 21 mins, 12 secs. Auto Shutoff: 0.0103031
33.5552% complete. Max time remaining: 20 mins, 51 secs. Auto Shutoff: 0.0110636
34.6378% complete. Max time remaining: 20 mins, 29 secs. Auto Shutoff: 0.0101698
35.7204% complete. Max time remaining: 20 mins, 8 secs. Auto Shutoff: 0.00781629
36.8031% complete. Max time remaining: 19 mins, 46 secs. Auto Shutoff: 0.00951406
37.8857% complete. Max time remaining: 19 mins, 24 secs. Auto Shutoff: 0.00810381
38.9683% complete. Max time remaining: 19 mins, 3 secs. Auto Shutoff: 0.00778889
40.0509% complete. Max time remaining: 18 mins, 42 secs. Auto Shutoff: 0.00609801
41.1335% complete. Max time remaining: 18 mins, 20 secs. Auto Shutoff: 0.00720326
42.2161% complete. Max time remaining: 17 mins, 59 secs. Auto Shutoff: 0.00659689
43.2987% complete. Max time remaining: 17 mins, 38 secs. Auto Shutoff: 0.00564648
44.3813% complete. Max time remaining: 17 mins, 16 secs. Auto Shutoff: 0.00498424
45.4639% complete. Max time remaining: 16 mins, 55 secs. Auto Shutoff: 0.00506038
46.5465% complete. Max time remaining: 16 mins, 34 secs. Auto Shutoff: 0.00459103
47.6291% complete. Max time remaining: 16 mins, 14 secs. Auto Shutoff: 0.0049798
48.7118% complete. Max time remaining: 15 mins, 54 secs. Auto Shutoff: 0.00517313
49.7944% complete. Max time remaining: 15 mins, 35 secs. Auto Shutoff: 0.00427838
50.877% complete. Max time remaining: 15 mins, 15 secs. Auto Shutoff: 0.00541049
51.9596% complete. Max time remaining: 14 mins, 55 secs. Auto Shutoff: 0.00396388
53.0422% complete. Max time remaining: 14 mins, 35 secs. Auto Shutoff: 0.00389963
54.1248% complete. Max time remaining: 14 mins, 15 secs. Auto Shutoff: 0.00415559
55.2074% complete. Max time remaining: 13 mins, 55 secs. Auto Shutoff: 0.00340197
56.29% complete. Max time remaining: 13 mins, 34 secs. Auto Shutoff: 0.00332219
57.3726% complete. Max time remaining: 13 mins, 14 secs. Auto Shutoff: 0.00368655
58.4552% complete. Max time remaining: 12 mins, 54 secs. Auto Shutoff: 0.00288968
59.5378% complete. Max time remaining: 12 mins, 34 secs. Auto Shutoff: 0.00325688
60.6204% complete. Max time remaining: 12 mins, 14 secs. Auto Shutoff: 0.00261711
61.7031% complete. Max time remaining: 11 mins, 54 secs. Auto Shutoff: 0.00307388
62.7857% complete. Max time remaining: 11 mins, 33 secs. Auto Shutoff: 0.00295771
63.8683% complete. Max time remaining: 11 mins, 13 secs. Auto Shutoff: 0.0028048
64.9509% complete. Max time remaining: 10 mins, 53 secs. Auto Shutoff: 0.00234535
66.0335% complete. Max time remaining: 10 mins, 33 secs. Auto Shutoff: 0.00255165
67.071% complete. Max time remaining: 10 mins, 15 secs. Auto Shutoff: 0.00286391
68.1536% complete. Max time remaining: 9 mins, 55 secs. Auto Shutoff: 0.00290482
69.2362% complete. Max time remaining: 9 mins, 35 secs. Auto Shutoff: 0.00217467
70.3188% complete. Max time remaining: 9 mins, 15 secs. Auto Shutoff: 0.00255457
71.4014% complete. Max time remaining: 8 mins, 55 secs. Auto Shutoff: 0.00247006
72.484% complete. Max time remaining: 8 mins, 35 secs. Auto Shutoff: 0.00188642
73.5666% complete. Max time remaining: 8 mins, 14 secs. Auto Shutoff: 0.00206889
74.6493% complete. Max time remaining: 7 mins, 54 secs. Auto Shutoff: 0.00218793
75.7319% complete. Max time remaining: 7 mins, 33 secs. Auto Shutoff: 0.00188785
76.8145% complete. Max time remaining: 7 mins, 14 secs. Auto Shutoff: 0.00175452
77.8971% complete. Max time remaining: 6 mins, 54 secs. Auto Shutoff: 0.00171198
78.9797% complete. Max time remaining: 6 mins, 33 secs. Auto Shutoff: 0.0015789
80.0623% complete. Max time remaining: 6 mins, 13 secs. Auto Shutoff: 0.00198449
81.1449% complete. Max time remaining: 5 mins, 53 secs. Auto Shutoff: 0.00195601
82.2275% complete. Max time remaining: 5 mins, 33 secs. Auto Shutoff: 0.00153171
83.3101% complete. Max time remaining: 5 mins, 13 secs. Auto Shutoff: 0.0016473
84.3927% complete. Max time remaining: 4 mins, 53 secs. Auto Shutoff: 0.00124937
85.4753% complete. Max time remaining: 4 mins, 32 secs. Auto Shutoff: 0.00146603
86.5579% complete. Max time remaining: 4 mins, 12 secs. Auto Shutoff: 0.00139603
87.6406% complete. Max time remaining: 3 mins, 52 secs. Auto Shutoff: 0.00113876
88.7232% complete. Max time remaining: 3 mins, 31 secs. Auto Shutoff: 0.00145009
89.8058% complete. Max time remaining: 3 mins, 11 secs. Auto Shutoff: 0.00153728
90.8884% complete. Max time remaining: 2 mins, 51 secs. Auto Shutoff: 0.00122401
91.971% complete. Max time remaining: 2 mins, 31 secs. Auto Shutoff: 0.0016212
93.0085% complete. Max time remaining: 2 mins, 11 secs. Auto Shutoff: 0.00104825
94.0911% complete. Max time remaining: 1 min, 51 secs. Auto Shutoff: 0.00102084
95.1286% complete. Max time remaining: 1 min, 31 secs. Auto Shutoff: 0.00121336
96.2112% complete. Max time remaining: 1 min, 11 secs. Auto Shutoff: 0.00110155
97.2938% complete. Max time remaining: 51 secs. Auto Shutoff: 0.00100528
98.3764% complete. Max time remaining: 30 secs. Auto Shutoff: 0.00115629
99.459% complete. Max time remaining: 10 secs. Auto Shutoff: 0.000828399
Completed 283759 iterations, or 9.999999e-12s of Simulation Time
Process 0 starting to collect data
    collecting TM monitor data
    collecting TE monitor data
    collecting TM source data
    collecting TE source data
Finished collecting data
Simulation completed successfully at: Wed Mar 24 01:43:53 2021
Overall wall time measurements in seconds: 1879.87
    time to mesh and initialize: 3.83824
    time to run FDTD simulation: 1874.44
    time to checkpoint simulation: 2e-07
    time to finalize data and save to files: 0.169933
    miscellaneous time: 1.41442
    FDTD solver speed on process 0: 150.659 Mnodes/s
    total FDTD solver speed on 1 processes: 150.659 Mnodes/s
