Ansys Lumerical 2020 R2.4 FDTD Solver Version 8.24.2502 (Windows 64bit)
 expires (month/day/year): 12/31/2035
using config file: Ansys Licensing set with ANSYSLMD_LICENSE_FILE
license host: 
current time: Thu Feb 25 19:02:34 2021
Running on host: DESKTOP-FOP87C7
host available memory (GB): 6.626288
All processes are communicating and ready to proceed to simulation...
Running fsp file: D:\Lumarical\v202\bin\fdtd-engine.exe -t 1 -remote D:/Lumarical/LumericalScripts/LumericalScripts/SiliconSixtyDegree.fsp
Starting meshing
Simulation size in gridpoints: 1 x 28 x 1
Refined 0 mesh cells (0%)
Completed meshing!
Meshing complete in 0 seconds of CPU time
Starting meshing
Simulation size in gridpoints: 1 x 28 x 1
Refined 0 mesh cells (0%)
Completed meshing!
Meshing complete in 0 seconds of CPU time
Starting meshing
Simulation size in gridpoints: 1 x 28 x 1
Refined 0 mesh cells (0%)
Completed meshing!
Meshing complete in 0 seconds of CPU time
number of processors is 1
processors are distributed as: 1x1x1
Running 2D Simulation
Starting meshing
Simulation size in gridpoints: 499 x 258 x 1
Refined 0 mesh cells (0%)
Completed meshing!
Meshing complete in 0.25 seconds of CPU time
0 0
Starting meshing
Simulation size in gridpoints: 499 x 258 x 1
Refined 0 mesh cells (0%)
Completed meshing!
Meshing complete in 0.25 seconds of CPU time
0 0
finished material properties
Selected kernel with optimization level: 2 and split-field propagation direction: 0
Starting meshing
Simulation size in gridpoints: 499 x 258 x 1
Refined 0 mesh cells (0%)
Completed meshing!
Meshing complete in 0.203125 seconds of CPU time
0 0
Selected kernel with optimization level: 2 and split-field propagation direction: 0
-----------------------------------------
Beginning initialization of 2D FDTD Simulation
  Including TE Simulation
Starting to add sources to simulation

Adding Mode source propagating in X
Starting to add boundary conditions to simulation
Adding PML BC
Adding PML BC
Adding PML BC
Adding PML BC
Starting to add monitors to Simulation
Adding analysis monitor
Adding index monitor
Adding frequency monitor
Adding frequency monitor
Adding frequency monitor
Finished initialization of 2D Simulation
-----------------------------------------
All processes are communicating and ready to proceed to simulation...
Starting 51765 total iterations
0.0927265% complete. Max time remaining: 58 secs. Auto Shutoff: 1
1.94726% complete. Max time remaining: 52 secs. Auto Shutoff: 1.01495
3.92542% complete. Max time remaining: 49 secs. Auto Shutoff: 0.801138
7.88176% complete. Max time remaining: 46 secs. Auto Shutoff: 0.299665
11.8381% complete. Max time remaining: 44 secs. Auto Shutoff: 0.142931
15.7944% complete. Max time remaining: 42 secs. Auto Shutoff: 0.0796821
19.7508% complete. Max time remaining: 40 secs. Auto Shutoff: 0.0632823
23.7071% complete. Max time remaining: 38 secs. Auto Shutoff: 0.0427515
27.6634% complete. Max time remaining: 36 secs. Auto Shutoff: 0.0349814
31.6197% complete. Max time remaining: 34 secs. Auto Shutoff: 0.0265208
35.5761% complete. Max time remaining: 32 secs. Auto Shutoff: 0.01647
39.5324% complete. Max time remaining: 30 secs. Auto Shutoff: 0.013324
43.4887% complete. Max time remaining: 28 secs. Auto Shutoff: 0.00882348
45.4669% complete. Max time remaining: 27 secs. Auto Shutoff: 0.0084863
49.4232% complete. Max time remaining: 25 secs. Auto Shutoff: 0.0095924
53.3796% complete. Max time remaining: 23 secs. Auto Shutoff: 0.00542459
57.3359% complete. Max time remaining: 21 secs. Auto Shutoff: 0.00392375
61.2922% complete. Max time remaining: 19 secs. Auto Shutoff: 0.00420379
65.2486% complete. Max time remaining: 17 secs. Auto Shutoff: 0.00392745
69.2049% complete. Max time remaining: 15 secs. Auto Shutoff: 0.0028137
73.1612% complete. Max time remaining: 13 secs. Auto Shutoff: 0.0020913
77.1176% complete. Max time remaining: 11 secs. Auto Shutoff: 0.00180564
81.0739% complete. Max time remaining: 9 secs. Auto Shutoff: 0.00199824
83.0521% complete. Max time remaining: 8 secs. Auto Shutoff: 0.00164893
85.0302% complete. Max time remaining: 7 secs. Auto Shutoff: 0.00171456
87.0084% complete. Max time remaining: 6 secs. Auto Shutoff: 0.00145363
90.9647% complete. Max time remaining: 5 secs. Auto Shutoff: 0.00122073
94.9211% complete. Max time remaining: 3 secs. Auto Shutoff: 0.000933635
98.8774% complete. Max time remaining: 1 secs. Auto Shutoff: 0.00076509
99.9998% complete. Max time remaining: 0 secs. Auto Shutoff: 0.000806979
Completed 51765 iterations, or 4.999988e-12s of Simulation Time
Process 0 starting to collect data
    collecting TM monitor data
    collecting TE monitor data
    collecting TM source data
    collecting TE source data
Finished collecting data
Simulation completed successfully at: Thu Feb 25 19:03:25 2021
Overall wall time measurements in seconds: 52.2387
    time to mesh and initialize: 1.10433
    time to run FDTD simulation: 49.8059
    time to checkpoint simulation: 2e-07
    time to finalize data and save to files: 0.105014
    miscellaneous time: 1.2234
    FDTD solver speed on process 0: 133.806 Mnodes/s
    total FDTD solver speed on 1 processes: 133.806 Mnodes/s
